2025-10-21 09:36:10,253 | INFO | ðŸš€ Loading senior_account_managers from ..\credit_challenge_dataset\senior_account_managers.csv
2025-10-21 09:36:10,429 | INFO | âœ… COMMIT | table=senior_account_managers | +5 | updated=0 | skipped=0
2025-10-21 09:36:10,431 | INFO | ðŸš€ Loading account_managers from ..\credit_challenge_dataset\account_managers.csv
2025-10-21 09:36:10,474 | INFO | âœ… COMMIT | table=account_managers | +20 | updated=0 | skipped=0
2025-10-21 09:36:10,479 | INFO | ðŸš€ Loading sellers from ..\credit_challenge_dataset\sellers.csv
2025-10-21 09:36:10,633 | INFO | âœ… COMMIT | table=sellers | +300 | updated=0 | skipped=0
2025-10-21 09:36:10,637 | INFO | ðŸš€ Loading credits from ..\credit_challenge_dataset\credits.csv
2025-10-21 09:36:10,731 | INFO | âœ… COMMIT | table=credits | +800 | updated=0 | skipped=0
2025-10-21 09:36:10,734 | INFO | ðŸš€ Loading leads from ..\credit_challenge_dataset\leads.csv
2025-10-21 09:36:11,178 | INFO | âœ… COMMIT | table=leads | +20000 | updated=0 | skipped=0
2025-10-21 09:36:11,188 | INFO | ðŸš€ Loading invoices from ..\credit_challenge_dataset\invoices.csv
2025-10-21 09:36:12,229 | INFO | âœ… COMMIT | table=invoices | +27600 | updated=0 | skipped=0
2025-10-21 09:36:12,239 | INFO | ðŸš€ Loading invoice_items from ..\credit_challenge_dataset\invoice_items.csv
2025-10-21 09:36:13,624 | INFO | âœ… COMMIT | table=invoice_items | +138000 | updated=0 | skipped=0
2025-10-21 09:36:13,640 | INFO | ðŸš€ Loading wallet_transactions from ..\credit_challenge_dataset\wallet_transactions.csv
2025-10-21 09:36:14,439 | INFO | âœ… COMMIT | table=wallet_transactions | +27600 | updated=0 | skipped=0
2025-10-21 09:36:14,448 | INFO | ðŸš€ Loading credit_histories from ..\credit_challenge_dataset\credit_histories.csv
2025-10-21 09:36:14,530 | INFO | âœ… COMMIT | table=credit_histories | +3137 | updated=0 | skipped=0
2025-10-21 09:36:14,536 | INFO | ðŸš€ Loading credit_chat from ..\credit_challenge_dataset\credit_chat.csv
2025-10-21 09:36:14,618 | INFO | âœ… COMMIT | table=credit_chat | +1600 | updated=0 | skipped=0
2025-10-21 09:36:14,625 | INFO | âœ… Run-all complete â†’ etl_run_all_summary.json
2025-10-24 05:48:46,673 | INFO | ðŸš€ Loading senior_account_managers from ..\credit_challenge_dataset\senior_account_managers.csv
2025-10-24 05:48:47,198 | INFO | âœ… COMMIT | table=senior_account_managers | +5 | updated=0 | skipped=0
2025-10-24 05:48:47,202 | INFO | ðŸš€ Loading account_managers from ..\credit_challenge_dataset\account_managers.csv
2025-10-24 05:48:47,233 | INFO | âœ… COMMIT | table=account_managers | +20 | updated=0 | skipped=0
2025-10-24 05:48:47,236 | INFO | ðŸš€ Loading sellers from ..\credit_challenge_dataset\sellers.csv
2025-10-24 05:48:47,275 | INFO | âœ… COMMIT | table=sellers | +300 | updated=0 | skipped=0
2025-10-24 05:48:47,279 | INFO | ðŸš€ Loading credits from ..\credit_challenge_dataset\credits.csv
2025-10-24 05:48:47,321 | INFO | âœ… COMMIT | table=credits | +800 | updated=0 | skipped=0
2025-10-24 05:48:47,324 | INFO | ðŸš€ Loading leads from ..\credit_challenge_dataset\leads.csv
2025-10-24 05:48:47,597 | INFO | âœ… COMMIT | table=leads | +20000 | updated=0 | skipped=0
2025-10-24 05:48:47,606 | INFO | ðŸš€ Loading invoices from ..\credit_challenge_dataset\invoices.csv
2025-10-24 05:48:47,958 | INFO | âœ… COMMIT | table=invoices | +27600 | updated=0 | skipped=0
2025-10-24 05:48:47,968 | INFO | ðŸš€ Loading invoice_items from ..\credit_challenge_dataset\invoice_items.csv
2025-10-24 05:48:48,209 | WARNING | [auto_fix] Generated missing PK column invoice_item_id for invoice_items
2025-10-24 05:48:48,969 | INFO | âœ… COMMIT | table=invoice_items | +138000 | updated=0 | skipped=0
2025-10-24 05:48:48,976 | INFO | ðŸš€ Loading wallet_transactions from ..\credit_challenge_dataset\wallet_transactions.csv
2025-10-24 05:48:49,060 | WARNING | [auto_fix] Generated missing PK column wallet_id for wallet_transactions
2025-10-24 05:48:49,215 | INFO | âœ… COMMIT | table=wallet_transactions | +27600 | updated=0 | skipped=0
2025-10-24 05:48:49,221 | INFO | ðŸš€ Loading credit_histories from ..\credit_challenge_dataset\credit_histories.csv
2025-10-24 05:48:49,238 | WARNING | [auto_fix] Generated missing PK column credit_history_id for credit_histories
2025-10-24 05:48:49,274 | INFO | âœ… COMMIT | table=credit_histories | +3137 | updated=0 | skipped=0
2025-10-24 05:48:49,279 | INFO | ðŸš€ Loading credit_chat from ..\credit_challenge_dataset\credit_chat.csv
2025-10-24 05:48:49,297 | WARNING | [auto_fix] Generated missing PK column chat_id for credit_chat
2025-10-24 05:48:49,331 | INFO | âœ… COMMIT | table=credit_chat | +1600 | updated=0 | skipped=0
2025-10-24 05:48:49,337 | INFO | âœ… Run-all complete â†’ etl_load_summary.json
2025-10-24 05:49:10,669 | INFO | ðŸ” Foreign key validation enabled
2025-10-24 05:49:10,720 | INFO | ðŸš€ Loading senior_account_managers from ..\credit_challenge_dataset\senior_account_managers.csv
2025-10-24 05:49:10,786 | INFO | âœ… COMMIT | table=senior_account_managers | +5 | updated=0 | skipped=0
2025-10-24 05:49:10,797 | INFO | ðŸš€ Loading account_managers from ..\credit_challenge_dataset\account_managers.csv
2025-10-24 05:51:07,778 | INFO | [FK] Foreign key validation enabled
2025-10-24 05:51:07,823 | INFO | [LOAD] Loading senior_account_managers from ..\credit_challenge_dataset\senior_account_managers.csv
2025-10-24 05:51:07,891 | INFO | [OK] COMMIT | table=senior_account_managers | +5 | updated=0 | skipped=0
2025-10-24 05:51:07,897 | INFO | [LOAD] Loading account_managers from ..\credit_challenge_dataset\account_managers.csv
2025-10-24 05:51:07,932 | INFO | [OK] COMMIT | table=account_managers | +20 | updated=0 | skipped=0
2025-10-24 05:51:07,941 | INFO | [LOAD] Loading sellers from ..\credit_challenge_dataset\sellers.csv
2025-10-24 05:51:07,981 | INFO | [OK] COMMIT | table=sellers | +300 | updated=0 | skipped=0
2025-10-24 05:51:07,990 | INFO | [LOAD] Loading credits from ..\credit_challenge_dataset\credits.csv
2025-10-24 05:51:08,028 | INFO | [OK] COMMIT | table=credits | +800 | updated=0 | skipped=0
2025-10-24 05:51:08,050 | INFO | [LOAD] Loading leads from ..\credit_challenge_dataset\leads.csv
2025-10-24 05:51:08,377 | INFO | [OK] COMMIT | table=leads | +20000 | updated=0 | skipped=0
2025-10-24 05:51:08,520 | INFO | [LOAD] Loading invoices from ..\credit_challenge_dataset\invoices.csv
2025-10-24 05:51:08,891 | INFO | [OK] COMMIT | table=invoices | +27600 | updated=0 | skipped=0
2025-10-24 05:51:09,108 | INFO | [LOAD] Loading invoice_items from ..\credit_challenge_dataset\invoice_items.csv
2025-10-24 05:51:10,188 | INFO | [OK] COMMIT | table=invoice_items | +138000 | updated=0 | skipped=0
2025-10-24 05:51:10,630 | INFO | [LOAD] Loading wallet_transactions from ..\credit_challenge_dataset\wallet_transactions.csv
2025-10-24 05:51:10,988 | INFO | [OK] COMMIT | table=wallet_transactions | +27600 | updated=0 | skipped=0
2025-10-24 05:51:11,332 | INFO | [LOAD] Loading credit_histories from ..\credit_challenge_dataset\credit_histories.csv
2025-10-24 06:04:48,174 | INFO | [LOAD] Loading senior_account_managers from ..\credit_challenge_dataset\senior_account_managers.csv
2025-10-24 06:04:48,261 | INFO | [OK] COMMIT | table=senior_account_managers | +5 | updated=0 | skipped=0
2025-10-24 06:04:48,263 | INFO | [LOAD] Loading account_managers from ..\credit_challenge_dataset\account_managers.csv
2025-10-24 06:04:48,300 | INFO | [OK] COMMIT | table=account_managers | +20 | updated=0 | skipped=0
2025-10-24 06:04:48,301 | INFO | [LOAD] Loading sellers from ..\credit_challenge_dataset\sellers.csv
2025-10-24 06:04:48,349 | INFO | [OK] COMMIT | table=sellers | +300 | updated=0 | skipped=0
2025-10-24 06:04:48,352 | INFO | [LOAD] Loading credits from ..\credit_challenge_dataset\credits.csv
2025-10-24 06:04:48,404 | INFO | [OK] COMMIT | table=credits | +800 | updated=0 | skipped=0
2025-10-24 06:04:48,406 | INFO | [LOAD] Loading leads from ..\credit_challenge_dataset\leads.csv
2025-10-24 06:04:48,658 | INFO | [OK] COMMIT | table=leads | +20000 | updated=0 | skipped=0
2025-10-24 06:04:48,663 | INFO | [LOAD] Loading invoices from ..\credit_challenge_dataset\invoices.csv
2025-10-24 06:04:48,977 | INFO | [OK] COMMIT | table=invoices | +27600 | updated=0 | skipped=0
2025-10-24 06:04:48,983 | INFO | [LOAD] Loading invoice_items from ..\credit_challenge_dataset\invoice_items.csv
2025-10-24 06:04:49,937 | INFO | [OK] COMMIT | table=invoice_items | +138000 | updated=0 | skipped=0
2025-10-24 06:04:49,944 | INFO | [LOAD] Loading wallet_transactions from ..\credit_challenge_dataset\wallet_transactions.csv
2025-10-24 06:04:50,243 | INFO | [OK] COMMIT | table=wallet_transactions | +27600 | updated=0 | skipped=0
2025-10-24 06:04:50,248 | INFO | [LOAD] Loading credit_histories from ..\credit_challenge_dataset\credit_histories.csv
2025-10-24 06:04:50,314 | INFO | [OK] COMMIT | table=credit_histories | +3137 | updated=0 | skipped=0
2025-10-24 06:04:50,315 | INFO | [LOAD] Loading credit_chat from ..\credit_challenge_dataset\credit_chat.csv
2025-10-24 06:04:50,374 | INFO | [OK] COMMIT | table=credit_chat | +1600 | updated=0 | skipped=0
2025-10-24 06:04:50,377 | INFO | [OK] Run-all complete -> etl_load_summary.json
